This file contains any messages produced by compilers while
running configure, to aid debugging if configure makes a mistake.

It was created by explode configure 0.1pre, which was
generated by GNU Autoconf 2.61.  Invocation command line was

  $ ./configure --with-kernel

## --------- ##
## Platform. ##
## --------- ##

hostname = wenhui
uname -m = x86_64
uname -r = 5.0.0-32-generic
uname -s = Linux
uname -v = #34~18.04.2-Ubuntu SMP Thu Oct 10 10:36:02 UTC 2019

/usr/bin/uname -p = unknown
/bin/uname -X     = unknown

/bin/arch              = unknown
/usr/bin/arch -k       = unknown
/usr/convex/getsysinfo = unknown
/usr/bin/hostinfo      = unknown
/bin/machine           = unknown
/usr/bin/oslevel       = unknown
/bin/universe          = unknown

PATH: /usr/local/sbin
PATH: /usr/local/bin
PATH: /usr/sbin
PATH: /usr/bin
PATH: /sbin
PATH: /bin
PATH: /usr/games
PATH: /usr/local/games
PATH: /snap/bin


## ----------- ##
## Core tests. ##
## ----------- ##

configure:1998: checking for a BSD-compatible install
configure:2054: result: /usr/bin/install -c
configure:2065: checking whether build environment is sane
configure:2108: result: yes
configure:2136: checking for a thread-safe mkdir -p
configure:2175: result: /bin/mkdir -p
configure:2188: checking for gawk
configure:2218: result: no
configure:2188: checking for mawk
configure:2204: found /usr/bin/mawk
configure:2215: result: mawk
configure:2226: checking whether make sets $(MAKE)
configure:2247: result: yes
configure:2445: checking build system type
configure:2463: result: x86_64-unknown-linux-gnu
configure:2485: checking host system type
configure:2500: result: x86_64-unknown-linux-gnu

## ---------------- ##
## Cache variables. ##
## ---------------- ##

ac_cv_build=x86_64-unknown-linux-gnu
ac_cv_env_CCC_set=
ac_cv_env_CCC_value=
ac_cv_env_CC_set=
ac_cv_env_CC_value=
ac_cv_env_CFLAGS_set=
ac_cv_env_CFLAGS_value=
ac_cv_env_CPPFLAGS_set=
ac_cv_env_CPPFLAGS_value=
ac_cv_env_CPP_set=
ac_cv_env_CPP_value=
ac_cv_env_CXXCPP_set=
ac_cv_env_CXXCPP_value=
ac_cv_env_CXXFLAGS_set=
ac_cv_env_CXXFLAGS_value=
ac_cv_env_CXX_set=
ac_cv_env_CXX_value=
ac_cv_env_F77_set=
ac_cv_env_F77_value=
ac_cv_env_FFLAGS_set=
ac_cv_env_FFLAGS_value=
ac_cv_env_LDFLAGS_set=
ac_cv_env_LDFLAGS_value=
ac_cv_env_LIBS_set=
ac_cv_env_LIBS_value=
ac_cv_env_build_alias_set=
ac_cv_env_build_alias_value=
ac_cv_env_host_alias_set=
ac_cv_env_host_alias_value=
ac_cv_env_target_alias_set=
ac_cv_env_target_alias_value=
ac_cv_host=x86_64-unknown-linux-gnu
ac_cv_path_install='/usr/bin/install -c'
ac_cv_path_mkdir=/bin/mkdir
ac_cv_prog_AWK=mawk
ac_cv_prog_make_make_set=yes

## ----------------- ##
## Output variables. ##
## ----------------- ##

ACLOCAL='${SHELL} /home/wenhui/Downloads/explode-0.1pre/missing --run aclocal-1.10'
AMDEPBACKSLASH=''
AMDEP_FALSE=''
AMDEP_TRUE=''
AMTAR='${SHELL} /home/wenhui/Downloads/explode-0.1pre/missing --run tar'
AR=''
AUTOCONF='${SHELL} /home/wenhui/Downloads/explode-0.1pre/missing --run autoconf'
AUTOHEADER='${SHELL} /home/wenhui/Downloads/explode-0.1pre/missing --run autoheader'
AUTOMAKE='${SHELL} /home/wenhui/Downloads/explode-0.1pre/missing --run automake-1.10'
AWK='mawk'
CC=''
CCDEPMODE=''
CFLAGS=''
CHECK_BDB_FALSE=''
CHECK_BDB_TRUE=''
CONF_EKM_GENERATE=''
CPP=''
CPPFLAGS=''
CXX=''
CXXCPP=''
CXXDEPMODE=''
CXXFLAGS=''
CYGPATH_W='echo'
DBDEPS=''
DBLIB=''
DB_DIR=''
DB_LIB=''
DEFS=''
DEPDIR=''
DSYMUTIL=''
ECHO='echo'
ECHO_C=''
ECHO_N='-n'
ECHO_T=''
EGREP=''
EKM=''
EXEEXT=''
F77=''
FFLAGS=''
GREP=''
INSTALL_DATA='${INSTALL} -m 644'
INSTALL_PROGRAM='${INSTALL}'
INSTALL_SCRIPT='${INSTALL}'
INSTALL_STRIP_PROGRAM='$(install_sh) -c -s'
KERNEL_DIR='yes'
LDFLAGS=''
LIBCRASH=''
LIBMC=''
LIBOBJS=''
LIBS=''
LIBTOOL=''
LN_S=''
LTLIBOBJS=''
MAKEINFO='${SHELL} /home/wenhui/Downloads/explode-0.1pre/missing --run makeinfo'
MTD=''
NMEDIT=''
OBJEXT=''
PACKAGE='explode'
PACKAGE_BUGREPORT=''
PACKAGE_NAME='explode'
PACKAGE_STRING='explode 0.1pre'
PACKAGE_TARNAME='explode'
PACKAGE_VERSION='0.1pre'
PATH_SEPARATOR=':'
RANLIB=''
RDD=''
SED=''
SET_MAKE=''
SHELL='/bin/bash'
STRIP=''
USE_DB_FALSE=''
USE_DB_TRUE=''
VERSION='0.1pre'
ac_ct_CC=''
ac_ct_CXX=''
ac_ct_F77=''
am__fastdepCC_FALSE=''
am__fastdepCC_TRUE=''
am__fastdepCXX_FALSE=''
am__fastdepCXX_TRUE=''
am__include=''
am__isrc=''
am__leading_dot='.'
am__quote=''
am__tar='${AMTAR} chof - "$$tardir"'
am__untar='${AMTAR} xf -'
bindir='${exec_prefix}/bin'
build='x86_64-unknown-linux-gnu'
build_alias=''
build_cpu='x86_64'
build_os='linux-gnu'
build_vendor='unknown'
datadir='${datarootdir}'
datarootdir='${prefix}/share'
docdir='${datarootdir}/doc/${PACKAGE_TARNAME}'
dvidir='${docdir}'
exec_prefix='NONE'
host='x86_64-unknown-linux-gnu'
host_alias=''
host_cpu='x86_64'
host_os='linux-gnu'
host_vendor='unknown'
htmldir='${docdir}'
includedir='${prefix}/include'
infodir='${datarootdir}/info'
install_sh='$(SHELL) /home/wenhui/Downloads/explode-0.1pre/install-sh'
libdir='${exec_prefix}/lib'
libexecdir='${exec_prefix}/libexec'
localedir='${datarootdir}/locale'
localstatedir='${prefix}/var'
mandir='${datarootdir}/man'
mkdir_p='/bin/mkdir -p'
oldincludedir='/usr/include'
pdfdir='${docdir}'
prefix='NONE'
program_transform_name='s,x,x,'
psdir='${docdir}'
sbindir='${exec_prefix}/sbin'
sharedstatedir='${prefix}/com'
subdirs=''
sysconfdir='${prefix}/etc'
target_alias=''

## ----------- ##
## confdefs.h. ##
## ----------- ##

#define PACKAGE_NAME "explode"
#define PACKAGE_TARNAME "explode"
#define PACKAGE_VERSION "0.1pre"
#define PACKAGE_STRING "explode 0.1pre"
#define PACKAGE_BUGREPORT ""
#define PACKAGE "explode"
#define VERSION "0.1pre"
#define FSPROG_ROOT "/"
#define CONF_USE_EXCEPTION 1

configure: exit 1
